ln

 Namespace(aug=True, batch_size=128, checkpoint_dir='checkpoints/ln', data_dir='data', epochs=100, n=2, norm_type='ln', num_workers=16, r=10, result_dir='results_temp/ln')
Running on device = cuda
Train Size = 40000, Val Size = 10000, Test Size = 10000
ResNet(
  (conv): Conv2d(3, 16, kernel_size=(3, 3), stride=(1, 1), padding=(1, 1), bias=False)
  (layer_norm): LayerNorm()
  (relu): ReLU()
  (layer1): Sequential(
    (0): ResidualBlock(
      (conv1): Conv2d(16, 16, kernel_size=(3, 3), stride=(1, 1), padding=(1, 1), bias=False)
      (conv2): Conv2d(16, 16, kernel_size=(3, 3), stride=(1, 1), padding=(1, 1), bias=False)
      (relu): ReLU()
      (norm1): LayerNorm()
      (norm2): LayerNorm()
    )
    (1): ResidualBlock(
      (conv1): Conv2d(16, 16, kernel_size=(3, 3), stride=(1, 1), padding=(1, 1), bias=False)
      (conv2): Conv2d(16, 16, kernel_size=(3, 3), stride=(1, 1), padding=(1, 1), bias=False)
      (relu): ReLU()
      (norm1): LayerNorm()
      (norm2): LayerNorm()
    )
  )
  (layer2): Sequential(
    (0): ResidualBlock(
      (downsample): Sequential(
        (0): Conv2d(16, 32, kernel_size=(3, 3), stride=(2, 2), padding=(1, 1), bias=False)
        (1): LayerNorm()
      )
      (conv1): Conv2d(16, 32, kernel_size=(3, 3), stride=(2, 2), padding=(1, 1), bias=False)
      (conv2): Conv2d(32, 32, kernel_size=(3, 3), stride=(1, 1), padding=(1, 1), bias=False)
      (relu): ReLU()
      (norm1): LayerNorm()
      (norm2): LayerNorm()
    )
    (1): ResidualBlock(
      (conv1): Conv2d(32, 32, kernel_size=(3, 3), stride=(1, 1), padding=(1, 1), bias=False)
      (conv2): Conv2d(32, 32, kernel_size=(3, 3), stride=(1, 1), padding=(1, 1), bias=False)
      (relu): ReLU()
      (norm1): LayerNorm()
      (norm2): LayerNorm()
    )
  )
  (layer3): Sequential(
    (0): ResidualBlock(
      (downsample): Sequential(
        (0): Conv2d(32, 64, kernel_size=(3, 3), stride=(2, 2), padding=(1, 1), bias=False)
        (1): LayerNorm()
      )
      (conv1): Conv2d(32, 64, kernel_size=(3, 3), stride=(2, 2), padding=(1, 1), bias=False)
      (conv2): Conv2d(64, 64, kernel_size=(3, 3), stride=(1, 1), padding=(1, 1), bias=False)
      (relu): ReLU()
      (norm1): LayerNorm()
      (norm2): LayerNorm()
    )
    (1): ResidualBlock(
      (conv1): Conv2d(64, 64, kernel_size=(3, 3), stride=(1, 1), padding=(1, 1), bias=False)
      (conv2): Conv2d(64, 64, kernel_size=(3, 3), stride=(1, 1), padding=(1, 1), bias=False)
      (relu): ReLU()
      (norm1): LayerNorm()
      (norm2): LayerNorm()
    )
  )
  (avg_pool): AvgPool2d(kernel_size=8, stride=8, padding=0)
  (fc): Linear(in_features=64, out_features=10, bias=True)
)


---------------------------- MODEL TRAINING BEGINS ----------------------------

#------------------ Epoch: 0 ------------------#
validating...
Epoch: 0, Total Time Elapsed: 0.21Mins, Train Loss: 2.1339487770494943, Train Accuracy: 19.22%, Validation Loss: 1.9702214539051055, Validation Accuracy: 25.02%
Epoch: 0, Saving Model Checkpoint: 15-03-23 13:05
Best Validation Accuracy Updated = 25.02%, Last Best = 25.02%
Saving Best Model Checkpoint: 15-03-23 13:05

#------------------ Epoch: 1 ------------------#
validating...
Epoch: 1, Total Time Elapsed: 0.42Mins, Train Loss: 1.918414837636125, Train Accuracy: 27.78%, Validation Loss: 1.8772419333457946, Validation Accuracy: 29.31%
Epoch: 1, Saving Model Checkpoint: 15-03-23 13:05
Best Validation Accuracy Updated = 29.31%, Last Best = 29.31%
Saving Best Model Checkpoint: 15-03-23 13:05

#------------------ Epoch: 2 ------------------#
validating...
Epoch: 2, Total Time Elapsed: 0.64Mins, Train Loss: 1.777812349529693, Train Accuracy: 34.02%, Validation Loss: 1.700653713941574, Validation Accuracy: 38.06%
Epoch: 2, Saving Model Checkpoint: 15-03-23 13:05
Best Validation Accuracy Updated = 38.06%, Last Best = 38.06%
Saving Best Model Checkpoint: 15-03-23 13:05

#------------------ Epoch: 3 ------------------#
validating...
Epoch: 3, Total Time Elapsed: 0.85Mins, Train Loss: 1.664049545416055, Train Accuracy: 39.09%, Validation Loss: 1.5649840414524079, Validation Accuracy: 41.27%
Epoch: 3, Saving Model Checkpoint: 15-03-23 13:05
Best Validation Accuracy Updated = 41.27%, Last Best = 41.27%
Saving Best Model Checkpoint: 15-03-23 13:05

#------------------ Epoch: 4 ------------------#
validating...
Epoch: 4, Total Time Elapsed: 1.06Mins, Train Loss: 1.5620903241367767, Train Accuracy: 43.04%, Validation Loss: 1.5350499987602233, Validation Accuracy: 43.01%
Epoch: 4, Saving Model Checkpoint: 15-03-23 13:05
Best Validation Accuracy Updated = 43.01%, Last Best = 43.01%
Saving Best Model Checkpoint: 15-03-23 13:05

#------------------ Epoch: 5 ------------------#
validating...
Epoch: 5, Total Time Elapsed: 1.27Mins, Train Loss: 1.4752214130121297, Train Accuracy: 46.3%, Validation Loss: 1.4088018417358399, Validation Accuracy: 48.25%
Epoch: 5, Saving Model Checkpoint: 15-03-23 13:05
Best Validation Accuracy Updated = 48.25%, Last Best = 48.25%
Saving Best Model Checkpoint: 15-03-23 13:05

#------------------ Epoch: 6 ------------------#
validating...
Epoch: 6, Total Time Elapsed: 1.48Mins, Train Loss: 1.3767647476622853, Train Accuracy: 49.98%, Validation Loss: 1.3216318190097809, Validation Accuracy: 52.74%
Epoch: 6, Saving Model Checkpoint: 15-03-23 13:05
Best Validation Accuracy Updated = 52.74%, Last Best = 52.74%
Saving Best Model Checkpoint: 15-03-23 13:05

#------------------ Epoch: 7 ------------------#
validating...
Epoch: 7, Total Time Elapsed: 1.7Mins, Train Loss: 1.2856739599483844, Train Accuracy: 53.6%, Validation Loss: 1.2160700678825378, Validation Accuracy: 55.59%
Epoch: 7, Saving Model Checkpoint: 15-03-23 13:05
Best Validation Accuracy Updated = 55.59%, Last Best = 55.59%
Saving Best Model Checkpoint: 15-03-23 13:05

#------------------ Epoch: 8 ------------------#
validating...
Epoch: 8, Total Time Elapsed: 1.91Mins, Train Loss: 1.2242679908252752, Train Accuracy: 55.94%, Validation Loss: 1.2768608152866363, Validation Accuracy: 54.82%
Epoch: 8, Saving Model Checkpoint: 15-03-23 13:05

#------------------ Epoch: 9 ------------------#
validating...
Epoch: 9, Total Time Elapsed: 2.12Mins, Train Loss: 1.153463310517442, Train Accuracy: 58.64%, Validation Loss: 1.1490511357784272, Validation Accuracy: 59.3%
Epoch: 9, Saving Model Checkpoint: 15-03-23 13:05
Best Validation Accuracy Updated = 59.3%, Last Best = 59.3%
Saving Best Model Checkpoint: 15-03-23 13:05

#------------------ Epoch: 10 ------------------#
validating...
Epoch: 10, Total Time Elapsed: 2.33Mins, Train Loss: 1.0889694208916003, Train Accuracy: 61.07%, Validation Loss: 1.0783451795578003, Validation Accuracy: 61.35%
Epoch: 10, Saving Model Checkpoint: 15-03-23 13:05
Best Validation Accuracy Updated = 61.35%, Last Best = 61.35%
Saving Best Model Checkpoint: 15-03-23 13:05

#------------------ Epoch: 11 ------------------#
validating...
Epoch: 11, Total Time Elapsed: 2.54Mins, Train Loss: 1.0129336827098372, Train Accuracy: 64.2%, Validation Loss: 0.9831447005271912, Validation Accuracy: 65.06%
Epoch: 11, Saving Model Checkpoint: 15-03-23 13:05
Best Validation Accuracy Updated = 65.06%, Last Best = 65.06%
Saving Best Model Checkpoint: 15-03-23 13:05

#------------------ Epoch: 12 ------------------#
validating...
Epoch: 12, Total Time Elapsed: 2.75Mins, Train Loss: 0.9534453452585604, Train Accuracy: 66.48%, Validation Loss: 0.9489183574914932, Validation Accuracy: 66.24%
Epoch: 12, Saving Model Checkpoint: 15-03-23 13:05
Best Validation Accuracy Updated = 66.24%, Last Best = 66.24%
Saving Best Model Checkpoint: 15-03-23 13:05

#------------------ Epoch: 13 ------------------#
validating...
Epoch: 13, Total Time Elapsed: 2.97Mins, Train Loss: 0.8743489761702931, Train Accuracy: 69.25%, Validation Loss: 0.8748545050621033, Validation Accuracy: 69.29%
Epoch: 13, Saving Model Checkpoint: 15-03-23 13:05
Best Validation Accuracy Updated = 69.29%, Last Best = 69.29%
Saving Best Model Checkpoint: 15-03-23 13:05

#------------------ Epoch: 14 ------------------#
validating...
Epoch: 14, Total Time Elapsed: 3.18Mins, Train Loss: 0.8361807804518995, Train Accuracy: 70.65%, Validation Loss: 0.7976182729005814, Validation Accuracy: 72.38%
Epoch: 14, Saving Model Checkpoint: 15-03-23 13:05
Best Validation Accuracy Updated = 72.38%, Last Best = 72.38%
Saving Best Model Checkpoint: 15-03-23 13:05

#------------------ Epoch: 15 ------------------#
validating...
Epoch: 15, Total Time Elapsed: 3.4Mins, Train Loss: 0.7968939368526775, Train Accuracy: 72.26%, Validation Loss: 0.8455888599157333, Validation Accuracy: 70.49%
Epoch: 15, Saving Model Checkpoint: 15-03-23 13:05

#------------------ Epoch: 16 ------------------#
validating...
Epoch: 16, Total Time Elapsed: 3.61Mins, Train Loss: 0.7668121091473978, Train Accuracy: 73.21%, Validation Loss: 0.7428741991519928, Validation Accuracy: 73.86%
Epoch: 16, Saving Model Checkpoint: 15-03-23 13:05
Best Validation Accuracy Updated = 73.86%, Last Best = 73.86%
Saving Best Model Checkpoint: 15-03-23 13:05

#------------------ Epoch: 17 ------------------#
validating...
Epoch: 17, Total Time Elapsed: 3.82Mins, Train Loss: 0.7379164497692364, Train Accuracy: 74.49%, Validation Loss: 0.7870168328285218, Validation Accuracy: 72.21%
Epoch: 17, Saving Model Checkpoint: 15-03-23 13:05

#------------------ Epoch: 18 ------------------#
validating...
Epoch: 18, Total Time Elapsed: 4.03Mins, Train Loss: 0.7054694545345185, Train Accuracy: 75.52%, Validation Loss: 0.78565334379673, Validation Accuracy: 72.45%
Epoch: 18, Saving Model Checkpoint: 15-03-23 13:05

#------------------ Epoch: 19 ------------------#
validating...
Epoch: 19, Total Time Elapsed: 4.25Mins, Train Loss: 0.6703843139231015, Train Accuracy: 76.81%, Validation Loss: 0.680133980512619, Validation Accuracy: 76.05%
Epoch: 19, Saving Model Checkpoint: 15-03-23 13:05
Best Validation Accuracy Updated = 76.05%, Last Best = 76.05%
Saving Best Model Checkpoint: 15-03-23 13:05

#------------------ Epoch: 20 ------------------#
validating...
Epoch: 20, Total Time Elapsed: 4.46Mins, Train Loss: 0.669766966051187, Train Accuracy: 76.7%, Validation Loss: 0.7044391691684723, Validation Accuracy: 75.72%
Epoch: 20, Saving Model Checkpoint: 15-03-23 13:05

#------------------ Epoch: 21 ------------------#
validating...
Epoch: 21, Total Time Elapsed: 4.67Mins, Train Loss: 0.6410033182023813, Train Accuracy: 77.62%, Validation Loss: 0.6137962222099305, Validation Accuracy: 78.72%
Epoch: 21, Saving Model Checkpoint: 15-03-23 13:05
Best Validation Accuracy Updated = 78.72%, Last Best = 78.72%
Saving Best Model Checkpoint: 15-03-23 13:05

#------------------ Epoch: 22 ------------------#
validating...
Epoch: 22, Total Time Elapsed: 4.89Mins, Train Loss: 0.6186979071210368, Train Accuracy: 78.66%, Validation Loss: 0.7586110264062882, Validation Accuracy: 74.83%
Epoch: 22, Saving Model Checkpoint: 15-03-23 13:05

#------------------ Epoch: 23 ------------------#
validating...
Epoch: 23, Total Time Elapsed: 5.09Mins, Train Loss: 0.6115743634990229, Train Accuracy: 78.61%, Validation Loss: 0.7745872855186462, Validation Accuracy: 72.8%
Epoch: 23, Saving Model Checkpoint: 15-03-23 13:05

#------------------ Epoch: 24 ------------------#
validating...
Epoch: 24, Total Time Elapsed: 5.3Mins, Train Loss: 0.5916321319513047, Train Accuracy: 79.3%, Validation Loss: 0.632710412144661, Validation Accuracy: 77.81%
Epoch: 24, Saving Model Checkpoint: 15-03-23 13:05

#------------------ Epoch: 25 ------------------#
validating...
Epoch: 25, Total Time Elapsed: 5.52Mins, Train Loss: 0.5681513976365232, Train Accuracy: 80.3%, Validation Loss: 0.5909210741519928, Validation Accuracy: 79.86%
Epoch: 25, Saving Model Checkpoint: 15-03-23 13:05
Best Validation Accuracy Updated = 79.86%, Last Best = 79.86%
Saving Best Model Checkpoint: 15-03-23 13:05

#------------------ Epoch: 26 ------------------#
validating...
Epoch: 26, Total Time Elapsed: 5.74Mins, Train Loss: 0.5483302414036406, Train Accuracy: 80.94%, Validation Loss: 0.5945284038782119, Validation Accuracy: 78.91%
Epoch: 26, Saving Model Checkpoint: 15-03-23 13:05

#------------------ Epoch: 27 ------------------#
validating...
Epoch: 27, Total Time Elapsed: 5.96Mins, Train Loss: 0.5403058605072216, Train Accuracy: 81.27%, Validation Loss: 0.5802397951483727, Validation Accuracy: 80.11%
Epoch: 27, Saving Model Checkpoint: 15-03-23 13:05
Best Validation Accuracy Updated = 80.11%, Last Best = 80.11%
Saving Best Model Checkpoint: 15-03-23 13:05

#------------------ Epoch: 28 ------------------#
validating...
Epoch: 28, Total Time Elapsed: 6.17Mins, Train Loss: 0.5414716392850724, Train Accuracy: 81.32%, Validation Loss: 0.5672982200980187, Validation Accuracy: 80.2%
Epoch: 28, Saving Model Checkpoint: 15-03-23 13:05
Best Validation Accuracy Updated = 80.2%, Last Best = 80.2%
Saving Best Model Checkpoint: 15-03-23 13:05

#------------------ Epoch: 29 ------------------#
validating...
Epoch: 29, Total Time Elapsed: 6.38Mins, Train Loss: 0.5353105707100024, Train Accuracy: 81.44%, Validation Loss: 0.5800368160009384, Validation Accuracy: 79.42%
Epoch: 29, Saving Model Checkpoint: 15-03-23 13:05

#------------------ Epoch: 30 ------------------#
validating...
Epoch: 30, Total Time Elapsed: 6.6Mins, Train Loss: 0.514424169977633, Train Accuracy: 82.13%, Validation Loss: 0.5604557737708091, Validation Accuracy: 80.74%
Epoch: 30, Saving Model Checkpoint: 15-03-23 13:05
Best Validation Accuracy Updated = 80.74%, Last Best = 80.74%
Saving Best Model Checkpoint: 15-03-23 13:05

#------------------ Epoch: 31 ------------------#
validating...
Epoch: 31, Total Time Elapsed: 6.82Mins, Train Loss: 0.5052338382497001, Train Accuracy: 82.36%, Validation Loss: 0.5679968252778054, Validation Accuracy: 80.25%
Epoch: 31, Saving Model Checkpoint: 15-03-23 13:05

#------------------ Epoch: 32 ------------------#
validating...
Epoch: 32, Total Time Elapsed: 7.03Mins, Train Loss: 0.49676908071810444, Train Accuracy: 82.69%, Validation Loss: 0.6310741931200028, Validation Accuracy: 78.35%
Epoch: 32, Saving Model Checkpoint: 15-03-23 13:05

#------------------ Epoch: 33 ------------------#
validating...
Epoch: 33, Total Time Elapsed: 7.24Mins, Train Loss: 0.48223417578413846, Train Accuracy: 83.28%, Validation Loss: 0.539035864174366, Validation Accuracy: 81.62%
Epoch: 33, Saving Model Checkpoint: 15-03-23 13:05
Best Validation Accuracy Updated = 81.62%, Last Best = 81.62%
Saving Best Model Checkpoint: 15-03-23 13:05

#------------------ Epoch: 34 ------------------#
validating...
Epoch: 34, Total Time Elapsed: 7.46Mins, Train Loss: 0.4763986466410823, Train Accuracy: 83.34%, Validation Loss: 0.522996474802494, Validation Accuracy: 82.14%
Epoch: 34, Saving Model Checkpoint: 15-03-23 13:05
Best Validation Accuracy Updated = 82.14%, Last Best = 82.14%
Saving Best Model Checkpoint: 15-03-23 13:05

#------------------ Epoch: 35 ------------------#
validating...
Epoch: 35, Total Time Elapsed: 7.67Mins, Train Loss: 0.4658037275551988, Train Accuracy: 83.6%, Validation Loss: 0.5077967688441276, Validation Accuracy: 82.28%
Epoch: 35, Saving Model Checkpoint: 15-03-23 13:05
Best Validation Accuracy Updated = 82.28%, Last Best = 82.28%
Saving Best Model Checkpoint: 15-03-23 13:05

#------------------ Epoch: 36 ------------------#
validating...
Epoch: 36, Total Time Elapsed: 7.9Mins, Train Loss: 0.4655201857368024, Train Accuracy: 83.93%, Validation Loss: 0.5207763344049454, Validation Accuracy: 82.18%
Epoch: 36, Saving Model Checkpoint: 15-03-23 13:05

#------------------ Epoch: 37 ------------------#
validating...
Epoch: 37, Total Time Elapsed: 8.15Mins, Train Loss: 0.4439560482486749, Train Accuracy: 84.52%, Validation Loss: 0.5743171364068985, Validation Accuracy: 80.42%
Epoch: 37, Saving Model Checkpoint: 15-03-23 13:05

#------------------ Epoch: 38 ------------------#
validating...
Epoch: 38, Total Time Elapsed: 8.36Mins, Train Loss: 0.4466835171841204, Train Accuracy: 84.39%, Validation Loss: 0.4972632274031639, Validation Accuracy: 82.61%
Epoch: 38, Saving Model Checkpoint: 15-03-23 13:05
Best Validation Accuracy Updated = 82.61%, Last Best = 82.61%
Saving Best Model Checkpoint: 15-03-23 13:05

#------------------ Epoch: 39 ------------------#
validating...
Epoch: 39, Total Time Elapsed: 8.57Mins, Train Loss: 0.4367290753811693, Train Accuracy: 84.79%, Validation Loss: 0.517168653011322, Validation Accuracy: 82.19%
Epoch: 39, Saving Model Checkpoint: 15-03-23 13:05

#------------------ Epoch: 40 ------------------#
validating...
Epoch: 40, Total Time Elapsed: 8.78Mins, Train Loss: 0.42252899563541046, Train Accuracy: 85.41%, Validation Loss: 0.5157675877213478, Validation Accuracy: 82.41%
Epoch: 40, Saving Model Checkpoint: 15-03-23 13:05

#------------------ Epoch: 41 ------------------#
validating...
Epoch: 41, Total Time Elapsed: 8.99Mins, Train Loss: 0.4179347974423783, Train Accuracy: 85.49%, Validation Loss: 0.4997652068734169, Validation Accuracy: 82.78%
Epoch: 41, Saving Model Checkpoint: 15-03-23 13:05
Best Validation Accuracy Updated = 82.78%, Last Best = 82.78%
Saving Best Model Checkpoint: 15-03-23 13:05

#------------------ Epoch: 42 ------------------#
validating...
Epoch: 42, Total Time Elapsed: 9.2Mins, Train Loss: 0.40930137252464843, Train Accuracy: 85.76%, Validation Loss: 0.47754632830619814, Validation Accuracy: 83.21%
Epoch: 42, Saving Model Checkpoint: 15-03-23 13:05
Best Validation Accuracy Updated = 83.21%, Last Best = 83.21%
Saving Best Model Checkpoint: 15-03-23 13:05

#------------------ Epoch: 43 ------------------#
validating...
Epoch: 43, Total Time Elapsed: 9.42Mins, Train Loss: 0.3985063230362944, Train Accuracy: 86.07%, Validation Loss: 0.4876267045736313, Validation Accuracy: 83.62%
Epoch: 43, Saving Model Checkpoint: 15-03-23 13:05
Best Validation Accuracy Updated = 83.62%, Last Best = 83.62%
Saving Best Model Checkpoint: 15-03-23 13:05

#------------------ Epoch: 44 ------------------#
validating...
Epoch: 44, Total Time Elapsed: 9.63Mins, Train Loss: 0.40151659320718563, Train Accuracy: 86.12%, Validation Loss: 0.5100689187645913, Validation Accuracy: 82.53%
Epoch: 44, Saving Model Checkpoint: 15-03-23 13:05

#------------------ Epoch: 45 ------------------#
validating...
Epoch: 45, Total Time Elapsed: 9.92Mins, Train Loss: 0.3988008504858413, Train Accuracy: 86.06%, Validation Loss: 0.507041685283184, Validation Accuracy: 82.75%
Epoch: 45, Saving Model Checkpoint: 15-03-23 13:05

#------------------ Epoch: 46 ------------------#
validating...
Epoch: 46, Total Time Elapsed: 10.13Mins, Train Loss: 0.3859588262943414, Train Accuracy: 86.48%, Validation Loss: 0.517468823492527, Validation Accuracy: 82.4%
Epoch: 46, Saving Model Checkpoint: 15-03-23 13:05

#------------------ Epoch: 47 ------------------#
validating...
Epoch: 47, Total Time Elapsed: 10.34Mins, Train Loss: 0.37697832300640144, Train Accuracy: 86.87%, Validation Loss: 0.5113519355654716, Validation Accuracy: 82.48%
Epoch: 47, Saving Model Checkpoint: 15-03-23 13:05

#------------------ Epoch: 48 ------------------#
validating...
Epoch: 48, Total Time Elapsed: 10.56Mins, Train Loss: 0.37510561043271623, Train Accuracy: 86.99%, Validation Loss: 0.5016315102577209, Validation Accuracy: 83.09%
Epoch: 48, Saving Model Checkpoint: 15-03-23 13:05

#------------------ Epoch: 49 ------------------#
validating...
Epoch: 49, Total Time Elapsed: 10.77Mins, Train Loss: 0.36353911878392337, Train Accuracy: 87.3%, Validation Loss: 0.4688062518835068, Validation Accuracy: 84.05%
Epoch: 49, Saving Model Checkpoint: 15-03-23 13:05
Best Validation Accuracy Updated = 84.05%, Last Best = 84.05%
Saving Best Model Checkpoint: 15-03-23 13:05

#------------------ Epoch: 50 ------------------#
validating...
Epoch: 50, Total Time Elapsed: 10.99Mins, Train Loss: 0.3605382727167477, Train Accuracy: 87.27%, Validation Loss: 0.48797080367803575, Validation Accuracy: 83.64%
Epoch: 50, Saving Model Checkpoint: 15-03-23 13:05

#------------------ Epoch: 51 ------------------#
validating...
Epoch: 51, Total Time Elapsed: 11.2Mins, Train Loss: 0.357129495507612, Train Accuracy: 87.53%, Validation Loss: 0.47789347767829893, Validation Accuracy: 83.49%
Epoch: 51, Saving Model Checkpoint: 15-03-23 13:05

#------------------ Epoch: 52 ------------------#
validating...
Epoch: 52, Total Time Elapsed: 11.42Mins, Train Loss: 0.3496864925082118, Train Accuracy: 87.81%, Validation Loss: 0.4504609972238541, Validation Accuracy: 84.42%
Epoch: 52, Saving Model Checkpoint: 15-03-23 13:05
Best Validation Accuracy Updated = 84.42%, Last Best = 84.42%
Saving Best Model Checkpoint: 15-03-23 13:05

#------------------ Epoch: 53 ------------------#
validating...
Epoch: 53, Total Time Elapsed: 11.63Mins, Train Loss: 0.3354353537193883, Train Accuracy: 88.38%, Validation Loss: 0.47683176547288897, Validation Accuracy: 83.93%
Epoch: 53, Saving Model Checkpoint: 15-03-23 13:05

#------------------ Epoch: 54 ------------------#
validating...
Epoch: 54, Total Time Elapsed: 11.84Mins, Train Loss: 0.32914874133781885, Train Accuracy: 88.63%, Validation Loss: 0.4589921995997429, Validation Accuracy: 84.39%
Epoch: 54, Saving Model Checkpoint: 15-03-23 13:05

#------------------ Epoch: 55 ------------------#
validating...
Epoch: 55, Total Time Elapsed: 12.06Mins, Train Loss: 0.3247773529717717, Train Accuracy: 88.67%, Validation Loss: 0.43200634568929674, Validation Accuracy: 85.32%
Epoch: 55, Saving Model Checkpoint: 15-03-23 13:05
Best Validation Accuracy Updated = 85.32%, Last Best = 85.32%
Saving Best Model Checkpoint: 15-03-23 13:05

#------------------ Epoch: 56 ------------------#
validating...
Epoch: 56, Total Time Elapsed: 12.28Mins, Train Loss: 0.32160539663256926, Train Accuracy: 88.81%, Validation Loss: 0.45588912069797516, Validation Accuracy: 84.72%
Epoch: 56, Saving Model Checkpoint: 15-03-23 13:05

#------------------ Epoch: 57 ------------------#
validating...
Epoch: 57, Total Time Elapsed: 12.49Mins, Train Loss: 0.32008055952219916, Train Accuracy: 88.81%, Validation Loss: 0.46543642729520796, Validation Accuracy: 84.26%
Epoch: 57, Saving Model Checkpoint: 15-03-23 13:05

#------------------ Epoch: 58 ------------------#
validating...
Epoch: 58, Total Time Elapsed: 12.7Mins, Train Loss: 0.3015852723830043, Train Accuracy: 89.5%, Validation Loss: 0.44126843214035033, Validation Accuracy: 85.03%
Epoch: 58, Saving Model Checkpoint: 15-03-23 13:05

#------------------ Epoch: 59 ------------------#
validating...
Epoch: 59, Total Time Elapsed: 12.92Mins, Train Loss: 0.30358196404604865, Train Accuracy: 89.42%, Validation Loss: 0.4288833886384964, Validation Accuracy: 85.44%
Epoch: 59, Saving Model Checkpoint: 15-03-23 13:05
Best Validation Accuracy Updated = 85.44%, Last Best = 85.44%
Saving Best Model Checkpoint: 15-03-23 13:05

#------------------ Epoch: 60 ------------------#
validating...
Epoch: 60, Total Time Elapsed: 13.13Mins, Train Loss: 0.3030961208735792, Train Accuracy: 89.49%, Validation Loss: 0.43949226588010787, Validation Accuracy: 85.31%
Epoch: 60, Saving Model Checkpoint: 15-03-23 13:05

#------------------ Epoch: 61 ------------------#
validating...
Epoch: 61, Total Time Elapsed: 13.35Mins, Train Loss: 0.2899254690677213, Train Accuracy: 89.95%, Validation Loss: 0.4609645798802376, Validation Accuracy: 84.13%
Epoch: 61, Saving Model Checkpoint: 15-03-23 13:05

#------------------ Epoch: 62 ------------------#
validating...
Epoch: 62, Total Time Elapsed: 13.57Mins, Train Loss: 0.28263086847032604, Train Accuracy: 90.19%, Validation Loss: 0.4484924390912056, Validation Accuracy: 85.23%
Epoch: 62, Saving Model Checkpoint: 15-03-23 13:05

#------------------ Epoch: 63 ------------------#
validating...
Epoch: 63, Total Time Elapsed: 13.78Mins, Train Loss: 0.2783382742073589, Train Accuracy: 90.3%, Validation Loss: 0.43273887485265733, Validation Accuracy: 85.63%
Epoch: 63, Saving Model Checkpoint: 15-03-23 13:05
Best Validation Accuracy Updated = 85.63%, Last Best = 85.63%
Saving Best Model Checkpoint: 15-03-23 13:05

#------------------ Epoch: 64 ------------------#
validating...
Epoch: 64, Total Time Elapsed: 14.0Mins, Train Loss: 0.26478953388171456, Train Accuracy: 90.71%, Validation Loss: 0.42684905529022216, Validation Accuracy: 85.87%
Epoch: 64, Saving Model Checkpoint: 15-03-23 13:05
Best Validation Accuracy Updated = 85.87%, Last Best = 85.87%
Saving Best Model Checkpoint: 15-03-23 13:05

#------------------ Epoch: 65 ------------------#
validating...
Epoch: 65, Total Time Elapsed: 14.21Mins, Train Loss: 0.2724176403432608, Train Accuracy: 90.57%, Validation Loss: 0.4453607514500618, Validation Accuracy: 85.43%
Epoch: 65, Saving Model Checkpoint: 15-03-23 13:05

#------------------ Epoch: 66 ------------------#
validating...
Epoch: 66, Total Time Elapsed: 14.43Mins, Train Loss: 0.2615975717576548, Train Accuracy: 90.76%, Validation Loss: 0.4338295489549637, Validation Accuracy: 85.88%
Epoch: 66, Saving Model Checkpoint: 15-03-23 13:05
Best Validation Accuracy Updated = 85.88%, Last Best = 85.88%
Saving Best Model Checkpoint: 15-03-23 13:05

#------------------ Epoch: 67 ------------------#
validating...
Epoch: 67, Total Time Elapsed: 14.64Mins, Train Loss: 0.2510397127880075, Train Accuracy: 91.2%, Validation Loss: 0.44554433822631834, Validation Accuracy: 85.2%
Epoch: 67, Saving Model Checkpoint: 15-03-23 13:05

#------------------ Epoch: 68 ------------------#
validating...
Epoch: 68, Total Time Elapsed: 14.85Mins, Train Loss: 0.2476076004318536, Train Accuracy: 91.33%, Validation Loss: 0.43674346804618835, Validation Accuracy: 85.86%
Epoch: 68, Saving Model Checkpoint: 15-03-23 13:05

#------------------ Epoch: 69 ------------------#
validating...
Epoch: 69, Total Time Elapsed: 15.06Mins, Train Loss: 0.2412690671916587, Train Accuracy: 91.47%, Validation Loss: 0.43002702593803405, Validation Accuracy: 85.71%
Epoch: 69, Saving Model Checkpoint: 15-03-23 13:05

#------------------ Epoch: 70 ------------------#
validating...
Epoch: 70, Total Time Elapsed: 15.27Mins, Train Loss: 0.23139024921023427, Train Accuracy: 91.84%, Validation Loss: 0.4162368059158325, Validation Accuracy: 85.98%
Epoch: 70, Saving Model Checkpoint: 15-03-23 13:05
Best Validation Accuracy Updated = 85.98%, Last Best = 85.98%
Saving Best Model Checkpoint: 15-03-23 13:05

#------------------ Epoch: 71 ------------------#
validating...
Epoch: 71, Total Time Elapsed: 15.49Mins, Train Loss: 0.22164205637888407, Train Accuracy: 92.34%, Validation Loss: 0.40549424588680266, Validation Accuracy: 86.55%
Epoch: 71, Saving Model Checkpoint: 15-03-23 13:05
Best Validation Accuracy Updated = 86.55%, Last Best = 86.55%
Saving Best Model Checkpoint: 15-03-23 13:05

#------------------ Epoch: 72 ------------------#
validating...
Epoch: 72, Total Time Elapsed: 15.7Mins, Train Loss: 0.2194977200116974, Train Accuracy: 92.27%, Validation Loss: 0.42119843512773514, Validation Accuracy: 86.1%
Epoch: 72, Saving Model Checkpoint: 15-03-23 13:05

#------------------ Epoch: 73 ------------------#
validating...
Epoch: 73, Total Time Elapsed: 15.91Mins, Train Loss: 0.20853541143976462, Train Accuracy: 92.7%, Validation Loss: 0.440933820605278, Validation Accuracy: 86.06%
Epoch: 73, Saving Model Checkpoint: 15-03-23 13:05

#------------------ Epoch: 74 ------------------#
validating...
Epoch: 74, Total Time Elapsed: 16.12Mins, Train Loss: 0.2056278131259516, Train Accuracy: 92.71%, Validation Loss: 0.44891002476215364, Validation Accuracy: 85.44%
Epoch: 74, Saving Model Checkpoint: 15-03-23 13:05

#------------------ Epoch: 75 ------------------#
validating...
Epoch: 75, Total Time Elapsed: 16.33Mins, Train Loss: 0.1997553092031814, Train Accuracy: 93.01%, Validation Loss: 0.422165809571743, Validation Accuracy: 86.31%
Epoch: 75, Saving Model Checkpoint: 15-03-23 13:05

#------------------ Epoch: 76 ------------------#
validating...
Epoch: 76, Total Time Elapsed: 16.53Mins, Train Loss: 0.19642703066142603, Train Accuracy: 93.19%, Validation Loss: 0.4430667370557785, Validation Accuracy: 85.87%
Epoch: 76, Saving Model Checkpoint: 15-03-23 13:05

#------------------ Epoch: 77 ------------------#
validating...
Epoch: 77, Total Time Elapsed: 16.74Mins, Train Loss: 0.18940010863228346, Train Accuracy: 93.49%, Validation Loss: 0.41036446839571, Validation Accuracy: 86.8%
Epoch: 77, Saving Model Checkpoint: 15-03-23 13:05
Best Validation Accuracy Updated = 86.8%, Last Best = 86.8%
Saving Best Model Checkpoint: 15-03-23 13:05

#------------------ Epoch: 78 ------------------#
validating...
Epoch: 78, Total Time Elapsed: 16.95Mins, Train Loss: 0.18578044298929147, Train Accuracy: 93.54%, Validation Loss: 0.4152436137199402, Validation Accuracy: 86.92%
Epoch: 78, Saving Model Checkpoint: 15-03-23 13:05
Best Validation Accuracy Updated = 86.92%, Last Best = 86.92%
Saving Best Model Checkpoint: 15-03-23 13:05

#------------------ Epoch: 79 ------------------#
validating...
Epoch: 79, Total Time Elapsed: 17.16Mins, Train Loss: 0.18136121123172225, Train Accuracy: 93.66%, Validation Loss: 0.40821753442287445, Validation Accuracy: 86.65%
Epoch: 79, Saving Model Checkpoint: 15-03-23 13:05

#------------------ Epoch: 80 ------------------#
validating...
Epoch: 80, Total Time Elapsed: 17.37Mins, Train Loss: 0.1767912027887262, Train Accuracy: 93.92%, Validation Loss: 0.40252730846405027, Validation Accuracy: 87.16%
Epoch: 80, Saving Model Checkpoint: 15-03-23 13:05
Best Validation Accuracy Updated = 87.16%, Last Best = 87.16%
Saving Best Model Checkpoint: 15-03-23 13:05

#------------------ Epoch: 81 ------------------#
validating...
Epoch: 81, Total Time Elapsed: 17.58Mins, Train Loss: 0.1686162370890855, Train Accuracy: 94.12%, Validation Loss: 0.401341512799263, Validation Accuracy: 87.27%
Epoch: 81, Saving Model Checkpoint: 15-03-23 13:05
Best Validation Accuracy Updated = 87.27%, Last Best = 87.27%
Saving Best Model Checkpoint: 15-03-23 13:05

#------------------ Epoch: 82 ------------------#
validating...
Epoch: 82, Total Time Elapsed: 17.79Mins, Train Loss: 0.16429203079817012, Train Accuracy: 94.35%, Validation Loss: 0.4106384962797165, Validation Accuracy: 87.06%
Epoch: 82, Saving Model Checkpoint: 15-03-23 13:05

#------------------ Epoch: 83 ------------------#
validating...
Epoch: 83, Total Time Elapsed: 18.0Mins, Train Loss: 0.16015658062248947, Train Accuracy: 94.51%, Validation Loss: 0.4095980703830719, Validation Accuracy: 86.71%
Epoch: 83, Saving Model Checkpoint: 15-03-23 13:05

#------------------ Epoch: 84 ------------------#
validating...
Epoch: 84, Total Time Elapsed: 18.2Mins, Train Loss: 0.15737523250400828, Train Accuracy: 94.63%, Validation Loss: 0.4053517282009125, Validation Accuracy: 86.87%
Epoch: 84, Saving Model Checkpoint: 15-03-23 13:05

#------------------ Epoch: 85 ------------------#
validating...
Epoch: 85, Total Time Elapsed: 18.41Mins, Train Loss: 0.1517108148350693, Train Accuracy: 94.77%, Validation Loss: 0.400497579574585, Validation Accuracy: 87.23%
Epoch: 85, Saving Model Checkpoint: 15-03-23 13:05

#------------------ Epoch: 86 ------------------#
validating...
Epoch: 86, Total Time Elapsed: 18.62Mins, Train Loss: 0.14725746178684143, Train Accuracy: 94.97%, Validation Loss: 0.39986696392297744, Validation Accuracy: 87.26%
Epoch: 86, Saving Model Checkpoint: 15-03-23 13:05

#------------------ Epoch: 87 ------------------#
validating...
Epoch: 87, Total Time Elapsed: 18.83Mins, Train Loss: 0.14640263825083694, Train Accuracy: 95.03%, Validation Loss: 0.40382612496614456, Validation Accuracy: 87.27%
Epoch: 87, Saving Model Checkpoint: 15-03-23 13:05

#------------------ Epoch: 88 ------------------#
validating...
Epoch: 88, Total Time Elapsed: 19.05Mins, Train Loss: 0.14261675564149698, Train Accuracy: 95.17%, Validation Loss: 0.4058435052633286, Validation Accuracy: 87.45%
Epoch: 88, Saving Model Checkpoint: 15-03-23 13:05
Best Validation Accuracy Updated = 87.45%, Last Best = 87.45%
Saving Best Model Checkpoint: 15-03-23 13:05

#------------------ Epoch: 89 ------------------#
validating...
Epoch: 89, Total Time Elapsed: 19.26Mins, Train Loss: 0.14031091530006914, Train Accuracy: 95.14%, Validation Loss: 0.40009989142417907, Validation Accuracy: 87.36%
Epoch: 89, Saving Model Checkpoint: 15-03-23 13:05

#------------------ Epoch: 90 ------------------#
validating...
Epoch: 90, Total Time Elapsed: 19.47Mins, Train Loss: 0.1345069955189388, Train Accuracy: 95.34%, Validation Loss: 0.40130158364772794, Validation Accuracy: 87.53%
Epoch: 90, Saving Model Checkpoint: 15-03-23 13:05
Best Validation Accuracy Updated = 87.53%, Last Best = 87.53%
Saving Best Model Checkpoint: 15-03-23 13:05

#------------------ Epoch: 91 ------------------#
validating...
Epoch: 91, Total Time Elapsed: 19.68Mins, Train Loss: 0.13479265233817192, Train Accuracy: 95.5%, Validation Loss: 0.3995487570762634, Validation Accuracy: 87.36%
Epoch: 91, Saving Model Checkpoint: 15-03-23 13:05

#------------------ Epoch: 92 ------------------#
validating...
Epoch: 92, Total Time Elapsed: 19.89Mins, Train Loss: 0.13292378011031653, Train Accuracy: 95.55%, Validation Loss: 0.3982489541172981, Validation Accuracy: 87.79%
Epoch: 92, Saving Model Checkpoint: 15-03-23 13:05
Best Validation Accuracy Updated = 87.79%, Last Best = 87.79%
Saving Best Model Checkpoint: 15-03-23 13:05

#------------------ Epoch: 93 ------------------#
validating...
Epoch: 93, Total Time Elapsed: 20.09Mins, Train Loss: 0.1303699401597055, Train Accuracy: 95.7%, Validation Loss: 0.4095990493893623, Validation Accuracy: 87.33%
Epoch: 93, Saving Model Checkpoint: 15-03-23 13:05

#------------------ Epoch: 94 ------------------#
validating...
Epoch: 94, Total Time Elapsed: 20.31Mins, Train Loss: 0.12731310633567575, Train Accuracy: 95.73%, Validation Loss: 0.401274636387825, Validation Accuracy: 87.32%
Epoch: 94, Saving Model Checkpoint: 15-03-23 13:05

#------------------ Epoch: 95 ------------------#
validating...
Epoch: 95, Total Time Elapsed: 20.52Mins, Train Loss: 0.12688640637186388, Train Accuracy: 95.73%, Validation Loss: 0.39789710342884066, Validation Accuracy: 87.75%
Epoch: 95, Saving Model Checkpoint: 15-03-23 13:05

#------------------ Epoch: 96 ------------------#
validating...
Epoch: 96, Total Time Elapsed: 20.73Mins, Train Loss: 0.12689847966876275, Train Accuracy: 95.8%, Validation Loss: 0.39976124465465546, Validation Accuracy: 87.72%
Epoch: 96, Saving Model Checkpoint: 15-03-23 13:05

#------------------ Epoch: 97 ------------------#
validating...
Epoch: 97, Total Time Elapsed: 20.95Mins, Train Loss: 0.1230696140053554, Train Accuracy: 95.96%, Validation Loss: 0.39710914343595505, Validation Accuracy: 87.38%
Epoch: 97, Saving Model Checkpoint: 15-03-23 13:05

#------------------ Epoch: 98 ------------------#
validating...
Epoch: 98, Total Time Elapsed: 21.17Mins, Train Loss: 0.12520405106222668, Train Accuracy: 95.83%, Validation Loss: 0.3990075156092644, Validation Accuracy: 87.47%
Epoch: 98, Saving Model Checkpoint: 15-03-23 13:05

#------------------ Epoch: 99 ------------------#
validating...
Epoch: 99, Total Time Elapsed: 21.38Mins, Train Loss: 0.12467573266535902, Train Accuracy: 95.96%, Validation Loss: 0.39723769426345823, Validation Accuracy: 87.44%
Epoch: 99, Saving Model Checkpoint: 15-03-23 13:05

|--------- Model Load Success. Trained Epoch: 99, Val Accu: 87.79%


@@@@@@@@@--------- 
Test Accuracy = Test Accuracy = 86.41%, 
Train Accuracy = Train Accuracy = 95.61%, 
Val Accuracy = Val Accuracy = 87.6% 
---------@@@@@@@@@
